<?xml version="1.0" encoding="UTF-8"?>
<testsuite name="learn.springboot.demo.DemoApplicationTests" tests="1" skipped="0" failures="0" errors="0" timestamp="2023-02-13T12:32:26" hostname="Ashfaqs-MacBook-Pro.local" time="0.36">
  <properties/>
  <testcase name="contextLoads()" classname="learn.springboot.demo.DemoApplicationTests" time="0.36"/>
  <system-out><![CDATA[13:32:25.428 [Test worker] DEBUG org.springframework.boot.test.context.SpringBootTestContextBootstrapper - Neither @ContextConfiguration nor @ContextHierarchy found for test class [DemoApplicationTests]: using SpringBootContextLoader
13:32:25.433 [Test worker] DEBUG org.springframework.test.context.support.AbstractContextLoader - Could not detect default resource locations for test class [learn.springboot.demo.DemoApplicationTests]: no resource found for suffixes {-context.xml, Context.groovy}.
13:32:25.434 [Test worker] INFO org.springframework.test.context.support.AnnotationConfigContextLoaderUtils - Could not detect default configuration classes for test class [learn.springboot.demo.DemoApplicationTests]: DemoApplicationTests does not declare any static, non-private, non-final, nested classes annotated with @Configuration.
13:32:25.455 [Test worker] DEBUG org.springframework.boot.test.context.SpringBootTestContextBootstrapper - Using ContextCustomizers for test class [DemoApplicationTests]: [DisableObservabilityContextCustomizer, PropertyMappingContextCustomizer, Customizer, ExcludeFilterContextCustomizer, DuplicateJsonObjectContextCustomizer, MockitoContextCustomizer, TestRestTemplateContextCustomizer]
13:32:25.499 [Test worker] DEBUG org.springframework.context.annotation.ClassPathScanningCandidateComponentProvider - Identified candidate component class: file [/Users/ashfaqhaider/learn/learn_springboot/build/classes/java/main/learn/springboot/demo/DemoApplication.class]
13:32:25.500 [Test worker] INFO org.springframework.boot.test.context.SpringBootTestContextBootstrapper - Found @SpringBootConfiguration learn.springboot.demo.DemoApplication for test class learn.springboot.demo.DemoApplicationTests
13:32:25.556 [Test worker] DEBUG org.springframework.test.context.util.TestContextSpringFactoriesUtils - Skipping candidate TestExecutionListener [org.springframework.test.context.transaction.TransactionalTestExecutionListener] due to a missing dependency. Specify custom TestExecutionListener classes or make the default TestExecutionListener classes and their required dependencies available. Offending class: [org/springframework/transaction/interceptor/TransactionAttributeSource]
13:32:25.558 [Test worker] DEBUG org.springframework.test.context.util.TestContextSpringFactoriesUtils - Skipping candidate TestExecutionListener [org.springframework.test.context.jdbc.SqlScriptsTestExecutionListener] due to a missing dependency. Specify custom TestExecutionListener classes or make the default TestExecutionListener classes and their required dependencies available. Offending class: [org/springframework/transaction/interceptor/TransactionAttribute]
13:32:25.559 [Test worker] DEBUG org.springframework.boot.test.context.SpringBootTestContextBootstrapper - Using TestExecutionListeners for test class [DemoApplicationTests]: [ServletTestExecutionListener, DirtiesContextBeforeModesTestExecutionListener, ApplicationEventsTestExecutionListener, MockitoTestExecutionListener, DependencyInjectionTestExecutionListener, DirtiesContextTestExecutionListener, EventPublishingTestExecutionListener, RestDocsTestExecutionListener, MockRestServiceServerResetTestExecutionListener, MockMvcPrintOnlyOnFailureTestExecutionListener, WebDriverTestExecutionListener, MockWebServiceServerTestExecutionListener, ResetMocksTestExecutionListener]
13:32:25.561 [Test worker] DEBUG org.springframework.test.context.support.AbstractDirtiesContextTestExecutionListener - Before test class: class [DemoApplicationTests], class annotated with @DirtiesContext [false] with mode [null]

  .   ____          _            __ _ _
 /\\ / ___'_ __ _ _(_)_ __  __ _ \ \ \ \
( ( )\___ | '_ | '_| | '_ \/ _` | \ \ \ \
 \\/  ___)| |_)| | | | | || (_| |  ) ) ) )
  '  |____| .__|_| |_|_| |_\__, | / / / /
 =========|_|==============|___/=/_/_/_/
 :: Spring Boot ::                (v3.0.2)

2023-02-13T13:32:25.759+01:00  INFO 37511 --- [    Test worker] l.springboot.demo.DemoApplicationTests   : Starting DemoApplicationTests using Java 17.0.2 with PID 37511 (started by ashfaqhaider in /Users/ashfaqhaider/learn/learn_springboot)
2023-02-13T13:32:25.760+01:00  INFO 37511 --- [    Test worker] l.springboot.demo.DemoApplicationTests   : No active profile set, falling back to 1 default profile: "default"
2023-02-13T13:32:26.499+01:00  INFO 37511 --- [    Test worker] l.springboot.demo.DemoApplicationTests   : Started DemoApplicationTests in 0.905 seconds (process running for 1.72)
]]></system-out>
  <system-err><![CDATA[]]></system-err>
</testsuite>
